TClass::Init:0: RuntimeWarning: no dictionary for class HepMCEvent is available
TClass::Init:0: RuntimeWarning: no dictionary for class Event is available
TClass::Init:0: RuntimeWarning: no dictionary for class GenParticle is available
TClass::Init:0: RuntimeWarning: no dictionary for class SortableObject is available
TClass::Init:0: RuntimeWarning: no dictionary for class Track is available
TClass::Init:0: RuntimeWarning: no dictionary for class Tower is available
TClass::Init:0: RuntimeWarning: no dictionary for class Jet is available
TClass::Init:0: RuntimeWarning: no dictionary for class MissingET is available
TClass::Init:0: RuntimeWarning: no dictionary for class Electron is available
TClass::Init:0: RuntimeWarning: no dictionary for class Photon is available
TClass::Init:0: RuntimeWarning: no dictionary for class Muon is available
TClass::Init:0: RuntimeWarning: no dictionary for class ScalarHT is available
TROOT::Append:0: RuntimeWarning: Replacing existing TH1: DELTA_Pt taus (Potential memory leak).
TROOT::Append:0: RuntimeWarning: Replacing existing TH1: PT_tau1 (Potential memory leak).
TROOT::Append:0: RuntimeWarning: Replacing existing TH1: PT_tau2 (Potential memory leak).
TROOT::Append:0: RuntimeWarning: Replacing existing TH1: P_taus (Potential memory leak).
TROOT::Append:0: RuntimeWarning: Replacing existing TH1: DELTA_Pt taus (Potential memory leak).
TROOT::Append:0: RuntimeWarning: Replacing existing TH1: PT_tau1 (Potential memory leak).
TROOT::Append:0: RuntimeWarning: Replacing existing TH1: PT_tau2 (Potential memory leak).
TROOT::Append:0: RuntimeWarning: Replacing existing TH1: P_taus (Potential memory leak).
TROOT::Append:0: RuntimeWarning: Replacing existing TH1: P_taus (Potential memory leak).
Signal: w+jets_1
Signal: w+jets_2
Signal: w+jets_3
Signal: w+jets_4
Signal: w+jets_5
Signal: w+jets_6
Signal: w+jets_7
Signal: w+jets_8
Signal: w+jets_9
Signal: w+jets_10
Signal: w+jets_11
Signal: w+jets_12
Signal: w+jets_13
Signal: w+jets_14
Signal: w+jets_15
Signal: w+jets_16
Signal: w+jets_17
Signal: w+jets_18
Signal: w+jets_19
Signal: w+jets_20
Signal: ttbar_1
Signal: ttbar_2
Signal: ttbar_3
Signal: ttbar_4
Signal: ttbar_5
Signal: ttbar_6
Signal: ttbar_7
Signal: ttbar_8
Signal: ttbar_9
Signal: ttbar_10
Signal: ttbar_11
Signal: ttbar_12
Signal: ttbar_13
Signal: ttbar_14
Signal: ttbar_15
Signal: ttbar_16
Signal: ttbar_17
Signal: ttbar_18
Signal: ttbar_19
Signal: ttbar_20
Signal: ww_1
Signal: ww_2
Signal: ww_3
Signal: ww_4
Signal: ww_5
Signal: ww_6
Signal: ww_7
Signal: ww_8
Signal: ww_9
Signal: ww_10
Signal: ww_11
Signal: ww_12
Signal: ww_13
Signal: ww_14
Signal: ww_15
Signal: ww_16
Signal: ww_17
Signal: ww_18
Signal: ww_19
Signal: ww_20
Signal: wz_1
Signal: wz_2
Signal: wz_3
Signal: wz_4
Signal: wz_5
Signal: wz_6
Signal: wz_7
Signal: wz_8
Signal: wz_9
Signal: wz_10
Signal: wz_11
Signal: wz_12
Signal: wz_13
Signal: wz_14
Signal: wz_15
Signal: wz_16
Signal: wz_17
Signal: wz_18
Signal: wz_19
Signal: wz_20
Signal: zz_1
Signal: zz_2
Signal: zz_3
Signal: zz_4
Signal: zz_5
Signal: zz_6
Signal: zz_7
Signal: zz_8
Signal: zz_9
Signal: zz_10
Signal: zz_11
Signal: zz_12
Signal: zz_13
Signal: zz_14
Signal: zz_15
Signal: zz_16
Signal: zz_17
Signal: zz_18
Signal: zz_19
Signal: zz_20
Signal: DY+jets_1
Signal: DY+jets_2
Signal: DY+jets_3
Signal: DY+jets_4
Signal: DY+jets_5
Signal: DY+jets_6
Signal: DY+jets_7
Signal: DY+jets_8
Signal: DY+jets_9
Signal: DY+jets_10
Signal: DY+jets_11
Signal: DY+jets_12
Signal: DY+jets_13
Signal: DY+jets_14
Signal: DY+jets_15
Signal: DY+jets_16
Signal: DY+jets_17
Signal: DY+jets_18
Signal: DY+jets_19
Signal: DY+jets_20
Signal: Zprime_tata_350_1
Signal: Zprime_tata_350_2
Signal: Zprime_tata_1000_1
Signal: Zprime_tata_1000_2
Signal: Zprime_tata_3000_1
Signal: Zprime_tata_3000_2
